The system is: Darwin - 15.6.0 - x86_64
Compiling the C compiler identification source file "CMakeCCompilerId.c" succeeded.
Compiler:  
Build flags: 
Id flags: 

The output was:
0
objc[8066]: Class CCPWorkspaceManager is implemented in both /Users/luozhijun/Library/Application Support/Developer/Shared/Xcode/Plug-ins/CocoaPods.xcplugin/Contents/MacOS/CocoaPods and /Users/luozhijun/Library/Application Support/Developer/Shared/Xcode/Plug-ins/CocoaControlsPlugin.xcplugin/Contents/MacOS/CocoaControlsPlugin. One of the two will be used. Which one is undefined.
objc[8066]: Class CCPProject is implemented in both /Users/luozhijun/Library/Application Support/Developer/Shared/Xcode/Plug-ins/CocoaPods.xcplugin/Contents/MacOS/CocoaPods and /Users/luozhijun/Library/Application Support/Developer/Shared/Xcode/Plug-ins/CocoaControlsPlugin.xcplugin/Contents/MacOS/CocoaControlsPlugin. One of the two will be used. Which one is undefined.
=== BUILD TARGET CompilerIdC OF PROJECT CompilerIdC WITH THE DEFAULT CONFIGURATION (Debug) ===

Check dependencies

Write auxiliary files
write-file /Users/luozhijun/Desktop/Demo/OpenGLLearn/01-GettingStart/glfw-3.2.1/build/CMakeFiles/3.6.1/CompilerIdC/CompilerIdC.build/Debug/CompilerIdC.build/CompilerIdC-generated-files.hmap
write-file /Users/luozhijun/Desktop/Demo/OpenGLLearn/01-GettingStart/glfw-3.2.1/build/CMakeFiles/3.6.1/CompilerIdC/CompilerIdC.build/Debug/CompilerIdC.build/CompilerIdC-all-non-framework-target-headers.hmap
/bin/mkdir -p /Users/luozhijun/Desktop/Demo/OpenGLLearn/01-GettingStart/glfw-3.2.1/build/CMakeFiles/3.6.1/CompilerIdC/CompilerIdC.build/Debug/CompilerIdC.build/Objects-normal/x86_64
write-file /Users/luozhijun/Desktop/Demo/OpenGLLearn/01-GettingStart/glfw-3.2.1/build/CMakeFiles/3.6.1/CompilerIdC/CompilerIdC.build/Debug/CompilerIdC.build/Objects-normal/x86_64/CompilerIdC.LinkFileList
write-file /Users/luozhijun/Desktop/Demo/OpenGLLearn/01-GettingStart/glfw-3.2.1/build/CMakeFiles/3.6.1/CompilerIdC/CompilerIdC.build/Debug/CompilerIdC.build/CompilerIdC-own-target-headers.hmap
write-file /Users/luozhijun/Desktop/Demo/OpenGLLearn/01-GettingStart/glfw-3.2.1/build/CMakeFiles/3.6.1/CompilerIdC/CompilerIdC.build/Debug/CompilerIdC.build/CompilerIdC-all-target-headers.hmap
write-file /Users/luozhijun/Desktop/Demo/OpenGLLearn/01-GettingStart/glfw-3.2.1/build/CMakeFiles/3.6.1/CompilerIdC/CompilerIdC.build/Debug/CompilerIdC.build/CompilerIdC-project-headers.hmap
write-file /Users/luozhijun/Desktop/Demo/OpenGLLearn/01-GettingStart/glfw-3.2.1/build/CMakeFiles/3.6.1/CompilerIdC/CompilerIdC.build/Debug/CompilerIdC.build/CompilerIdC.hmap
write-file /Users/luozhijun/Desktop/Demo/OpenGLLearn/01-GettingStart/glfw-3.2.1/build/CMakeFiles/3.6.1/CompilerIdC/CompilerIdC.build/Debug/CompilerIdC.build/Script-2C8FEB8E15DC1A1A00E56A5D.sh
chmod 0755 /Users/luozhijun/Desktop/Demo/OpenGLLearn/01-GettingStart/glfw-3.2.1/build/CMakeFiles/3.6.1/CompilerIdC/CompilerIdC.build/Debug/CompilerIdC.build/Script-2C8FEB8E15DC1A1A00E56A5D.sh

CompileC CompilerIdC.build/Debug/CompilerIdC.build/Objects-normal/x86_64/CMakeCCompilerId.o CMakeCCompilerId.c normal x86_64 c com.apple.compilers.llvm.clang.1_0.compiler
    cd /Users/luozhijun/Desktop/Demo/OpenGLLearn/01-GettingStart/glfw-3.2.1/build/CMakeFiles/3.6.1/CompilerIdC
    export LANG=en_US.US-ASCII
    /Applications/Xcode.app/Contents/Developer/Toolchains/XcodeDefault.xctoolchain/usr/bin/clang -x c -arch x86_64 -fmessage-length=0 -fdiagnostics-show-note-include-stack -fmacro-backtrace-limit=0 -Wno-trigraphs -fpascal-strings -Os -Wno-missing-field-initializers -Wno-missing-prototypes -Wno-return-type -Wno-missing-braces -Wparentheses -Wswitch -Wno-unused-function -Wno-unused-label -Wno-unused-parameter -Wno-unused-variable -Wunused-value -Wno-empty-body -Wno-uninitialized -Wno-unknown-pragmas -Wno-shadow -Wno-four-char-constants -Wno-conversion -Wno-constant-conversion -Wno-int-conversion -Wno-bool-conversion -Wno-enum-conversion -Wno-shorten-64-to-32 -Wpointer-sign -Wno-newline-eof -isysroot /Applications/Xcode.app/Contents/Developer/Platforms/MacOSX.platform/Developer/SDKs/MacOSX10.11.sdk -fasm-blocks -fstrict-aliasing -Wdeprecated-declarations -mmacosx-version-min=10.11 -g -fvisibility=hidden -Wno-sign-conversion -I/Users/luozhijun/Desktop/Demo/OpenGLLearn/01-GettingStart/glfw-3.2.1/build/CMakeFiles/3.6.1/CompilerIdC/CompilerIdC.build/Debug/CompilerIdC.build/CompilerIdC.hmap -I/Users/luozhijun/Desktop/Demo/OpenGLLearn/01-GettingStart/glfw-3.2.1/build/CMakeFiles/3.6.1/CompilerIdC/include -I/Users/luozhijun/Desktop/Demo/OpenGLLearn/01-GettingStart/glfw-3.2.1/build/CMakeFiles/3.6.1/CompilerIdC/CompilerIdC.build/Debug/CompilerIdC.build/DerivedSources/x86_64 -I/Users/luozhijun/Desktop/Demo/OpenGLLearn/01-GettingStart/glfw-3.2.1/build/CMakeFiles/3.6.1/CompilerIdC/CompilerIdC.build/Debug/CompilerIdC.build/DerivedSources -F/Users/luozhijun/Desktop/Demo/OpenGLLearn/01-GettingStart/glfw-3.2.1/build/CMakeFiles/3.6.1/CompilerIdC -MMD -MT dependencies -MF /Users/luozhijun/Desktop/Demo/OpenGLLearn/01-GettingStart/glfw-3.2.1/build/CMakeFiles/3.6.1/CompilerIdC/CompilerIdC.build/Debug/CompilerIdC.build/Objects-normal/x86_64/CMakeCCompilerId.d --serialize-diagnostics /Users/luozhijun/Desktop/Demo/OpenGLLearn/01-GettingStart/glfw-3.2.1/build/CMakeFiles/3.6.1/CompilerIdC/CompilerIdC.build/Debug/CompilerIdC.build/Objects-normal/x86_64/CMakeCCompilerId.dia -c /Users/luozhijun/Desktop/Demo/OpenGLLearn/01-GettingStart/glfw-3.2.1/build/CMakeFiles/3.6.1/CompilerIdC/CMakeCCompilerId.c -o /Users/luozhijun/Desktop/Demo/OpenGLLearn/01-GettingStart/glfw-3.2.1/build/CMakeFiles/3.6.1/CompilerIdC/CompilerIdC.build/Debug/CompilerIdC.build/Objects-normal/x86_64/CMakeCCompilerId.o

Ld CompilerIdC normal x86_64
    cd /Users/luozhijun/Desktop/Demo/OpenGLLearn/01-GettingStart/glfw-3.2.1/build/CMakeFiles/3.6.1/CompilerIdC
    export MACOSX_DEPLOYMENT_TARGET=10.11
    /Applications/Xcode.app/Contents/Developer/Toolchains/XcodeDefault.xctoolchain/usr/bin/clang -arch x86_64 -isysroot /Applications/Xcode.app/Contents/Developer/Platforms/MacOSX.platform/Developer/SDKs/MacOSX10.11.sdk -L/Users/luozhijun/Desktop/Demo/OpenGLLearn/01-GettingStart/glfw-3.2.1/build/CMakeFiles/3.6.1/CompilerIdC -F/Users/luozhijun/Desktop/Demo/OpenGLLearn/01-GettingStart/glfw-3.2.1/build/CMakeFiles/3.6.1/CompilerIdC -filelist /Users/luozhijun/Desktop/Demo/OpenGLLearn/01-GettingStart/glfw-3.2.1/build/CMakeFiles/3.6.1/CompilerIdC/CompilerIdC.build/Debug/CompilerIdC.build/Objects-normal/x86_64/CompilerIdC.LinkFileList -mmacosx-version-min=10.11 -Xlinker -dependency_info -Xlinker /Users/luozhijun/Desktop/Demo/OpenGLLearn/01-GettingStart/glfw-3.2.1/build/CMakeFiles/3.6.1/CompilerIdC/CompilerIdC.build/Debug/CompilerIdC.build/Objects-normal/x86_64/CompilerIdC_dependency_info.dat -o /Users/luozhijun/Desktop/Demo/OpenGLLearn/01-GettingStart/glfw-3.2.1/build/CMakeFiles/3.6.1/CompilerIdC/CompilerIdC

PhaseScriptExecution Run\ Script CompilerIdC.build/Debug/CompilerIdC.build/Script-2C8FEB8E15DC1A1A00E56A5D.sh
    cd /Users/luozhijun/Desktop/Demo/OpenGLLearn/01-GettingStart/glfw-3.2.1/build/CMakeFiles/3.6.1/CompilerIdC
    /bin/sh -c /Users/luozhijun/Desktop/Demo/OpenGLLearn/01-GettingStart/glfw-3.2.1/build/CMakeFiles/3.6.1/CompilerIdC/CompilerIdC.build/Debug/CompilerIdC.build/Script-2C8FEB8E15DC1A1A00E56A5D.sh
GCC_VERSION=com.apple.compilers.llvm.clang.1_0

** BUILD SUCCEEDED **



Compilation of the C compiler identification source "CMakeCCompilerId.c" produced "CompilerIdC"

The C compiler identification is AppleClang, found in "/Users/luozhijun/Desktop/Demo/OpenGLLearn/01-GettingStart/glfw-3.2.1/build/CMakeFiles/3.6.1/CompilerIdC/CompilerIdC"

Determining if the C compiler works passed with the following output:
Change Dir: /Users/luozhijun/Desktop/Demo/OpenGLLearn/01-GettingStart/glfw-3.2.1/build/CMakeFiles/CMakeTmp

Run Build Command:"/usr/bin/xcodebuild" "-project" "CMAKE_TRY_COMPILE.xcodeproj" "build" "-target" "cmTC_4e69f" "-configuration" "Debug"
objc[8083]: Class CCPWorkspaceManager is implemented in both /Users/luozhijun/Library/Application Support/Developer/Shared/Xcode/Plug-ins/CocoaPods.xcplugin/Contents/MacOS/CocoaPods and /Users/luozhijun/Library/Application Support/Developer/Shared/Xcode/Plug-ins/CocoaControlsPlugin.xcplugin/Contents/MacOS/CocoaControlsPlugin. One of the two will be used. Which one is undefined.
objc[8083]: Class CCPProject is implemented in both /Users/luozhijun/Library/Application Support/Developer/Shared/Xcode/Plug-ins/CocoaPods.xcplugin/Contents/MacOS/CocoaPods and /Users/luozhijun/Library/Application Support/Developer/Shared/Xcode/Plug-ins/CocoaControlsPlugin.xcplugin/Contents/MacOS/CocoaControlsPlugin. One of the two will be used. Which one is undefined.
=== BUILD TARGET cmTC_4e69f OF PROJECT CMAKE_TRY_COMPILE WITH CONFIGURATION Debug ===

Check dependencies

Write auxiliary files
/bin/mkdir -p /Users/luozhijun/Desktop/Demo/OpenGLLearn/01-GettingStart/glfw-3.2.1/build/CMakeFiles/CMakeTmp/CMAKE_TRY_COMPILE.build/Debug/cmTC_4e69f.build/Objects-normal/x86_64
write-file /Users/luozhijun/Desktop/Demo/OpenGLLearn/01-GettingStart/glfw-3.2.1/build/CMakeFiles/CMakeTmp/CMAKE_TRY_COMPILE.build/Debug/cmTC_4e69f.build/Objects-normal/x86_64/cmTC_4e69f.LinkFileList

CompileC CMAKE_TRY_COMPILE.build/Debug/cmTC_4e69f.build/Objects-normal/x86_64/testCCompiler.o testCCompiler.c normal x86_64 c com.apple.compilers.llvm.clang.1_0.compiler
    cd /Users/luozhijun/Desktop/Demo/OpenGLLearn/01-GettingStart/glfw-3.2.1/build/CMakeFiles/CMakeTmp
    export LANG=en_US.US-ASCII
    /Applications/Xcode.app/Contents/Developer/Toolchains/XcodeDefault.xctoolchain/usr/bin/clang -x c -arch x86_64 -fmessage-length=0 -fdiagnostics-show-note-include-stack -fmacro-backtrace-limit=0 -Wno-trigraphs -fpascal-strings -O0 -Wno-missing-field-initializers -Wno-missing-prototypes -Wno-return-type -Wno-missing-braces -Wparentheses -Wswitch -Wno-unused-function -Wno-unused-label -Wno-unused-parameter -Wno-unused-variable -Wunused-value -Wno-empty-body -Wno-uninitialized -Wno-unknown-pragmas -Wno-shadow -Wno-four-char-constants -Wno-conversion -Wno-constant-conversion -Wno-int-conversion -Wno-bool-conversion -Wno-enum-conversion -Wno-shorten-64-to-32 -Wpointer-sign -Wno-newline-eof -DCMAKE_INTDIR=\"Debug\" -isysroot /Applications/Xcode.app/Contents/Developer/Platforms/MacOSX.platform/Developer/SDKs/MacOSX10.11.sdk -fasm-blocks -fstrict-aliasing -Wdeprecated-declarations -mmacosx-version-min=10.11 -g -Wno-sign-conversion -I/Users/luozhijun/Desktop/Demo/OpenGLLearn/01-GettingStart/glfw-3.2.1/build/CMakeFiles/CMakeTmp/Debug/include -I/Users/luozhijun/Desktop/Demo/OpenGLLearn/01-GettingStart/glfw-3.2.1/build/CMakeFiles/CMakeTmp/CMAKE_TRY_COMPILE.build/Debug/cmTC_4e69f.build/DerivedSources/x86_64 -I/Users/luozhijun/Desktop/Demo/OpenGLLearn/01-GettingStart/glfw-3.2.1/build/CMakeFiles/CMakeTmp/CMAKE_TRY_COMPILE.build/Debug/cmTC_4e69f.build/DerivedSources -Wmost -Wno-four-char-constants -Wno-unknown-pragmas -F/Users/luozhijun/Desktop/Demo/OpenGLLearn/01-GettingStart/glfw-3.2.1/build/CMakeFiles/CMakeTmp/Debug -MMD -MT dependencies -MF /Users/luozhijun/Desktop/Demo/OpenGLLearn/01-GettingStart/glfw-3.2.1/build/CMakeFiles/CMakeTmp/CMAKE_TRY_COMPILE.build/Debug/cmTC_4e69f.build/Objects-normal/x86_64/testCCompiler.d --serialize-diagnostics /Users/luozhijun/Desktop/Demo/OpenGLLearn/01-GettingStart/glfw-3.2.1/build/CMakeFiles/CMakeTmp/CMAKE_TRY_COMPILE.build/Debug/cmTC_4e69f.build/Objects-normal/x86_64/testCCompiler.dia -c /Users/luozhijun/Desktop/Demo/OpenGLLearn/01-GettingStart/glfw-3.2.1/build/CMakeFiles/CMakeTmp/testCCompiler.c -o /Users/luozhijun/Desktop/Demo/OpenGLLearn/01-GettingStart/glfw-3.2.1/build/CMakeFiles/CMakeTmp/CMAKE_TRY_COMPILE.build/Debug/cmTC_4e69f.build/Objects-normal/x86_64/testCCompiler.o

Ld Debug/cmTC_4e69f normal x86_64
    cd /Users/luozhijun/Desktop/Demo/OpenGLLearn/01-GettingStart/glfw-3.2.1/build/CMakeFiles/CMakeTmp
    export MACOSX_DEPLOYMENT_TARGET=10.11
    /Applications/Xcode.app/Contents/Developer/Toolchains/XcodeDefault.xctoolchain/usr/bin/clang -arch x86_64 -isysroot /Applications/Xcode.app/Contents/Developer/Platforms/MacOSX.platform/Developer/SDKs/MacOSX10.11.sdk -L/Users/luozhijun/Desktop/Demo/OpenGLLearn/01-GettingStart/glfw-3.2.1/build/CMakeFiles/CMakeTmp/Debug -F/Users/luozhijun/Desktop/Demo/OpenGLLearn/01-GettingStart/glfw-3.2.1/build/CMakeFiles/CMakeTmp/Debug -filelist /Users/luozhijun/Desktop/Demo/OpenGLLearn/01-GettingStart/glfw-3.2.1/build/CMakeFiles/CMakeTmp/CMAKE_TRY_COMPILE.build/Debug/cmTC_4e69f.build/Objects-normal/x86_64/cmTC_4e69f.LinkFileList -mmacosx-version-min=10.11 -Xlinker -no_deduplicate -Wl,-search_paths_first -Wl,-headerpad_max_install_names -Xlinker -dependency_info -Xlinker /Users/luozhijun/Desktop/Demo/OpenGLLearn/01-GettingStart/glfw-3.2.1/build/CMakeFiles/CMakeTmp/CMAKE_TRY_COMPILE.build/Debug/cmTC_4e69f.build/Objects-normal/x86_64/cmTC_4e69f_dependency_info.dat -o /Users/luozhijun/Desktop/Demo/OpenGLLearn/01-GettingStart/glfw-3.2.1/build/CMakeFiles/CMakeTmp/Debug/cmTC_4e69f

** BUILD SUCCEEDED **



Detecting C compiler ABI info compiled with the following output:
Change Dir: /Users/luozhijun/Desktop/Demo/OpenGLLearn/01-GettingStart/glfw-3.2.1/build/CMakeFiles/CMakeTmp

Run Build Command:"/usr/bin/xcodebuild" "-project" "CMAKE_TRY_COMPILE.xcodeproj" "build" "-target" "cmTC_e096b" "-configuration" "Debug"
objc[8099]: Class CCPWorkspaceManager is implemented in both /Users/luozhijun/Library/Application Support/Developer/Shared/Xcode/Plug-ins/CocoaPods.xcplugin/Contents/MacOS/CocoaPods and /Users/luozhijun/Library/Application Support/Developer/Shared/Xcode/Plug-ins/CocoaControlsPlugin.xcplugin/Contents/MacOS/CocoaControlsPlugin. One of the two will be used. Which one is undefined.
objc[8099]: Class CCPProject is implemented in both /Users/luozhijun/Library/Application Support/Developer/Shared/Xcode/Plug-ins/CocoaPods.xcplugin/Contents/MacOS/CocoaPods and /Users/luozhijun/Library/Application Support/Developer/Shared/Xcode/Plug-ins/CocoaControlsPlugin.xcplugin/Contents/MacOS/CocoaControlsPlugin. One of the two will be used. Which one is undefined.
=== BUILD TARGET cmTC_e096b OF PROJECT CMAKE_TRY_COMPILE WITH CONFIGURATION Debug ===

Check dependencies

Write auxiliary files
/bin/mkdir -p /Users/luozhijun/Desktop/Demo/OpenGLLearn/01-GettingStart/glfw-3.2.1/build/CMakeFiles/CMakeTmp/CMAKE_TRY_COMPILE.build/Debug/cmTC_e096b.build/Objects-normal/x86_64
write-file /Users/luozhijun/Desktop/Demo/OpenGLLearn/01-GettingStart/glfw-3.2.1/build/CMakeFiles/CMakeTmp/CMAKE_TRY_COMPILE.build/Debug/cmTC_e096b.build/Objects-normal/x86_64/cmTC_e096b.LinkFileList

CompileC CMAKE_TRY_COMPILE.build/Debug/cmTC_e096b.build/Objects-normal/x86_64/CMakeCCompilerABI.o /Applications/CMake.app/Contents/share/cmake-3.6/Modules/CMakeCCompilerABI.c normal x86_64 c com.apple.compilers.llvm.clang.1_0.compiler
    cd /Users/luozhijun/Desktop/Demo/OpenGLLearn/01-GettingStart/glfw-3.2.1/build/CMakeFiles/CMakeTmp
    export LANG=en_US.US-ASCII
    /Applications/Xcode.app/Contents/Developer/Toolchains/XcodeDefault.xctoolchain/usr/bin/clang -x c -arch x86_64 -fmessage-length=0 -fdiagnostics-show-note-include-stack -fmacro-backtrace-limit=0 -Wno-trigraphs -fpascal-strings -O0 -Wno-missing-field-initializers -Wno-missing-prototypes -Wno-return-type -Wno-missing-braces -Wparentheses -Wswitch -Wno-unused-function -Wno-unused-label -Wno-unused-parameter -Wno-unused-variable -Wunused-value -Wno-empty-body -Wno-uninitialized -Wno-unknown-pragmas -Wno-shadow -Wno-four-char-constants -Wno-conversion -Wno-constant-conversion -Wno-int-conversion -Wno-bool-conversion -Wno-enum-conversion -Wno-shorten-64-to-32 -Wpointer-sign -Wno-newline-eof -DCMAKE_INTDIR=\"Debug\" -isysroot /Applications/Xcode.app/Contents/Developer/Platforms/MacOSX.platform/Developer/SDKs/MacOSX10.11.sdk -fasm-blocks -fstrict-aliasing -Wdeprecated-declarations -mmacosx-version-min=10.11 -g -Wno-sign-conversion -I/Users/luozhijun/Desktop/Demo/OpenGLLearn/01-GettingStart/glfw-3.2.1/build/CMakeFiles/CMakeTmp/Debug/include -I/Users/luozhijun/Desktop/Demo/OpenGLLearn/01-GettingStart/glfw-3.2.1/build/CMakeFiles/CMakeTmp/CMAKE_TRY_COMPILE.build/Debug/cmTC_e096b.build/DerivedSources/x86_64 -I/Users/luozhijun/Desktop/Demo/OpenGLLearn/01-GettingStart/glfw-3.2.1/build/CMakeFiles/CMakeTmp/CMAKE_TRY_COMPILE.build/Debug/cmTC_e096b.build/DerivedSources -Wmost -Wno-four-char-constants -Wno-unknown-pragmas -F/Users/luozhijun/Desktop/Demo/OpenGLLearn/01-GettingStart/glfw-3.2.1/build/CMakeFiles/CMakeTmp/Debug -MMD -MT dependencies -MF /Users/luozhijun/Desktop/Demo/OpenGLLearn/01-GettingStart/glfw-3.2.1/build/CMakeFiles/CMakeTmp/CMAKE_TRY_COMPILE.build/Debug/cmTC_e096b.build/Objects-normal/x86_64/CMakeCCompilerABI.d --serialize-diagnostics /Users/luozhijun/Desktop/Demo/OpenGLLearn/01-GettingStart/glfw-3.2.1/build/CMakeFiles/CMakeTmp/CMAKE_TRY_COMPILE.build/Debug/cmTC_e096b.build/Objects-normal/x86_64/CMakeCCompilerABI.dia -c /Applications/CMake.app/Contents/share/cmake-3.6/Modules/CMakeCCompilerABI.c -o /Users/luozhijun/Desktop/Demo/OpenGLLearn/01-GettingStart/glfw-3.2.1/build/CMakeFiles/CMakeTmp/CMAKE_TRY_COMPILE.build/Debug/cmTC_e096b.build/Objects-normal/x86_64/CMakeCCompilerABI.o

Ld Debug/cmTC_e096b normal x86_64
    cd /Users/luozhijun/Desktop/Demo/OpenGLLearn/01-GettingStart/glfw-3.2.1/build/CMakeFiles/CMakeTmp
    export MACOSX_DEPLOYMENT_TARGET=10.11
    /Applications/Xcode.app/Contents/Developer/Toolchains/XcodeDefault.xctoolchain/usr/bin/clang -arch x86_64 -isysroot /Applications/Xcode.app/Contents/Developer/Platforms/MacOSX.platform/Developer/SDKs/MacOSX10.11.sdk -L/Users/luozhijun/Desktop/Demo/OpenGLLearn/01-GettingStart/glfw-3.2.1/build/CMakeFiles/CMakeTmp/Debug -F/Users/luozhijun/Desktop/Demo/OpenGLLearn/01-GettingStart/glfw-3.2.1/build/CMakeFiles/CMakeTmp/Debug -filelist /Users/luozhijun/Desktop/Demo/OpenGLLearn/01-GettingStart/glfw-3.2.1/build/CMakeFiles/CMakeTmp/CMAKE_TRY_COMPILE.build/Debug/cmTC_e096b.build/Objects-normal/x86_64/cmTC_e096b.LinkFileList -mmacosx-version-min=10.11 -Xlinker -no_deduplicate -v -Wl,-v -Wl,-search_paths_first -Wl,-headerpad_max_install_names -Xlinker -dependency_info -Xlinker /Users/luozhijun/Desktop/Demo/OpenGLLearn/01-GettingStart/glfw-3.2.1/build/CMakeFiles/CMakeTmp/CMAKE_TRY_COMPILE.build/Debug/cmTC_e096b.build/Objects-normal/x86_64/cmTC_e096b_dependency_info.dat -o /Users/luozhijun/Desktop/Demo/OpenGLLearn/01-GettingStart/glfw-3.2.1/build/CMakeFiles/CMakeTmp/Debug/cmTC_e096b
Apple LLVM version 7.3.0 (clang-703.0.29)
Target: x86_64-apple-darwin15.6.0
Thread model: posix
InstalledDir: /Applications/Xcode.app/Contents/Developer/Toolchains/XcodeDefault.xctoolchain/usr/bin
 "/Applications/Xcode.app/Contents/Developer/Toolchains/XcodeDefault.xctoolchain/usr/bin/ld" -demangle -dynamic -arch x86_64 -macosx_version_min 10.11.0 -syslibroot /Applications/Xcode.app/Contents/Developer/Platforms/MacOSX.platform/Developer/SDKs/MacOSX10.11.sdk -o /Users/luozhijun/Desktop/Demo/OpenGLLearn/01-GettingStart/glfw-3.2.1/build/CMakeFiles/CMakeTmp/Debug/cmTC_e096b -L/Users/luozhijun/Desktop/Demo/OpenGLLearn/01-GettingStart/glfw-3.2.1/build/CMakeFiles/CMakeTmp/Debug -filelist /Users/luozhijun/Desktop/Demo/OpenGLLearn/01-GettingStart/glfw-3.2.1/build/CMakeFiles/CMakeTmp/CMAKE_TRY_COMPILE.build/Debug/cmTC_e096b.build/Objects-normal/x86_64/cmTC_e096b.LinkFileList -no_deduplicate -v -search_paths_first -headerpad_max_install_names -dependency_info /Users/luozhijun/Desktop/Demo/OpenGLLearn/01-GettingStart/glfw-3.2.1/build/CMakeFiles/CMakeTmp/CMAKE_TRY_COMPILE.build/Debug/cmTC_e096b.build/Objects-normal/x86_64/cmTC_e096b_dependency_info.dat -lSystem /Applications/Xcode.app/Contents/Developer/Toolchains/XcodeDefault.xctoolchain/usr/bin/../lib/clang/7.3.0/lib/darwin/libclang_rt.osx.a -F/Users/luozhijun/Desktop/Demo/OpenGLLearn/01-GettingStart/glfw-3.2.1/build/CMakeFiles/CMakeTmp/Debug
@(#)PROGRAM:ld  PROJECT:ld64-264.3.101
configured to support archs: armv6 armv7 armv7s arm64 i386 x86_64 x86_64h armv6m armv7k armv7m armv7em (tvOS)
Library search paths:
	/Users/luozhijun/Desktop/Demo/OpenGLLearn/01-GettingStart/glfw-3.2.1/build/CMakeFiles/CMakeTmp/Debug
	/Applications/Xcode.app/Contents/Developer/Platforms/MacOSX.platform/Developer/SDKs/MacOSX10.11.sdk/usr/lib
Framework search paths:
	/Users/luozhijun/Desktop/Demo/OpenGLLearn/01-GettingStart/glfw-3.2.1/build/CMakeFiles/CMakeTmp/Debug
	/Applications/Xcode.app/Contents/Developer/Platforms/MacOSX.platform/Developer/SDKs/MacOSX10.11.sdk/System/Library/Frameworks/

** BUILD SUCCEEDED **



Parsed C implicit link information from above output:
  link line regex: [^( *|.*[/\])(ld|([^/\]+-)?ld|collect2)[^/\]*( |$)]
  ignore line: [Change Dir: /Users/luozhijun/Desktop/Demo/OpenGLLearn/01-GettingStart/glfw-3.2.1/build/CMakeFiles/CMakeTmp]
  ignore line: []
  ignore line: [Run Build Command:"/usr/bin/xcodebuild" "-project" "CMAKE_TRY_COMPILE.xcodeproj" "build" "-target" "cmTC_e096b" "-configuration" "Debug"]
  ignore line: [objc[8099]: Class CCPWorkspaceManager is implemented in both /Users/luozhijun/Library/Application Support/Developer/Shared/Xcode/Plug-ins/CocoaPods.xcplugin/Contents/MacOS/CocoaPods and /Users/luozhijun/Library/Application Support/Developer/Shared/Xcode/Plug-ins/CocoaControlsPlugin.xcplugin/Contents/MacOS/CocoaControlsPlugin. One of the two will be used. Which one is undefined.]
  ignore line: [objc[8099]: Class CCPProject is implemented in both /Users/luozhijun/Library/Application Support/Developer/Shared/Xcode/Plug-ins/CocoaPods.xcplugin/Contents/MacOS/CocoaPods and /Users/luozhijun/Library/Application Support/Developer/Shared/Xcode/Plug-ins/CocoaControlsPlugin.xcplugin/Contents/MacOS/CocoaControlsPlugin. One of the two will be used. Which one is undefined.]
  ignore line: [=== BUILD TARGET cmTC_e096b OF PROJECT CMAKE_TRY_COMPILE WITH CONFIGURATION Debug ===]
  ignore line: []
  ignore line: [Check dependencies]
  ignore line: []
  ignore line: [Write auxiliary files]
  ignore line: [/bin/mkdir -p /Users/luozhijun/Desktop/Demo/OpenGLLearn/01-GettingStart/glfw-3.2.1/build/CMakeFiles/CMakeTmp/CMAKE_TRY_COMPILE.build/Debug/cmTC_e096b.build/Objects-normal/x86_64]
  ignore line: [write-file /Users/luozhijun/Desktop/Demo/OpenGLLearn/01-GettingStart/glfw-3.2.1/build/CMakeFiles/CMakeTmp/CMAKE_TRY_COMPILE.build/Debug/cmTC_e096b.build/Objects-normal/x86_64/cmTC_e096b.LinkFileList]
  ignore line: []
  ignore line: [CompileC CMAKE_TRY_COMPILE.build/Debug/cmTC_e096b.build/Objects-normal/x86_64/CMakeCCompilerABI.o /Applications/CMake.app/Contents/share/cmake-3.6/Modules/CMakeCCompilerABI.c normal x86_64 c com.apple.compilers.llvm.clang.1_0.compiler]
  ignore line: [    cd /Users/luozhijun/Desktop/Demo/OpenGLLearn/01-GettingStart/glfw-3.2.1/build/CMakeFiles/CMakeTmp]
  ignore line: [    export LANG=en_US.US-ASCII]
  ignore line: [    /Applications/Xcode.app/Contents/Developer/Toolchains/XcodeDefault.xctoolchain/usr/bin/clang -x c -arch x86_64 -fmessage-length=0 -fdiagnostics-show-note-include-stack -fmacro-backtrace-limit=0 -Wno-trigraphs -fpascal-strings -O0 -Wno-missing-field-initializers -Wno-missing-prototypes -Wno-return-type -Wno-missing-braces -Wparentheses -Wswitch -Wno-unused-function -Wno-unused-label -Wno-unused-parameter -Wno-unused-variable -Wunused-value -Wno-empty-body -Wno-uninitialized -Wno-unknown-pragmas -Wno-shadow -Wno-four-char-constants -Wno-conversion -Wno-constant-conversion -Wno-int-conversion -Wno-bool-conversion -Wno-enum-conversion -Wno-shorten-64-to-32 -Wpointer-sign -Wno-newline-eof -DCMAKE_INTDIR=\"Debug\" -isysroot /Applications/Xcode.app/Contents/Developer/Platforms/MacOSX.platform/Developer/SDKs/MacOSX10.11.sdk -fasm-blocks -fstrict-aliasing -Wdeprecated-declarations -mmacosx-version-min=10.11 -g -Wno-sign-conversion -I/Users/luozhijun/Desktop/Demo/OpenGLLearn/01-GettingStart/glfw-3.2.1/build/CMakeFiles/CMakeTmp/Debug/include -I/Users/luozhijun/Desktop/Demo/OpenGLLearn/01-GettingStart/glfw-3.2.1/build/CMakeFiles/CMakeTmp/CMAKE_TRY_COMPILE.build/Debug/cmTC_e096b.build/DerivedSources/x86_64 -I/Users/luozhijun/Desktop/Demo/OpenGLLearn/01-GettingStart/glfw-3.2.1/build/CMakeFiles/CMakeTmp/CMAKE_TRY_COMPILE.build/Debug/cmTC_e096b.build/DerivedSources -Wmost -Wno-four-char-constants -Wno-unknown-pragmas -F/Users/luozhijun/Desktop/Demo/OpenGLLearn/01-GettingStart/glfw-3.2.1/build/CMakeFiles/CMakeTmp/Debug -MMD -MT dependencies -MF /Users/luozhijun/Desktop/Demo/OpenGLLearn/01-GettingStart/glfw-3.2.1/build/CMakeFiles/CMakeTmp/CMAKE_TRY_COMPILE.build/Debug/cmTC_e096b.build/Objects-normal/x86_64/CMakeCCompilerABI.d --serialize-diagnostics /Users/luozhijun/Desktop/Demo/OpenGLLearn/01-GettingStart/glfw-3.2.1/build/CMakeFiles/CMakeTmp/CMAKE_TRY_COMPILE.build/Debug/cmTC_e096b.build/Objects-normal/x86_64/CMakeCCompilerABI.dia -c /Applications/CMake.app/Contents/share/cmake-3.6/Modules/CMakeCCompilerABI.c -o /Users/luozhijun/Desktop/Demo/OpenGLLearn/01-GettingStart/glfw-3.2.1/build/CMakeFiles/CMakeTmp/CMAKE_TRY_COMPILE.build/Debug/cmTC_e096b.build/Objects-normal/x86_64/CMakeCCompilerABI.o]
  ignore line: []
  ignore line: [Ld Debug/cmTC_e096b normal x86_64]
  ignore line: [    cd /Users/luozhijun/Desktop/Demo/OpenGLLearn/01-GettingStart/glfw-3.2.1/build/CMakeFiles/CMakeTmp]
  ignore line: [    export MACOSX_DEPLOYMENT_TARGET=10.11]
  ignore line: [    /Applications/Xcode.app/Contents/Developer/Toolchains/XcodeDefault.xctoolchain/usr/bin/clang -arch x86_64 -isysroot /Applications/Xcode.app/Contents/Developer/Platforms/MacOSX.platform/Developer/SDKs/MacOSX10.11.sdk -L/Users/luozhijun/Desktop/Demo/OpenGLLearn/01-GettingStart/glfw-3.2.1/build/CMakeFiles/CMakeTmp/Debug -F/Users/luozhijun/Desktop/Demo/OpenGLLearn/01-GettingStart/glfw-3.2.1/build/CMakeFiles/CMakeTmp/Debug -filelist /Users/luozhijun/Desktop/Demo/OpenGLLearn/01-GettingStart/glfw-3.2.1/build/CMakeFiles/CMakeTmp/CMAKE_TRY_COMPILE.build/Debug/cmTC_e096b.build/Objects-normal/x86_64/cmTC_e096b.LinkFileList -mmacosx-version-min=10.11 -Xlinker -no_deduplicate -v -Wl,-v -Wl,-search_paths_first -Wl,-headerpad_max_install_names -Xlinker -dependency_info -Xlinker /Users/luozhijun/Desktop/Demo/OpenGLLearn/01-GettingStart/glfw-3.2.1/build/CMakeFiles/CMakeTmp/CMAKE_TRY_COMPILE.build/Debug/cmTC_e096b.build/Objects-normal/x86_64/cmTC_e096b_dependency_info.dat -o /Users/luozhijun/Desktop/Demo/OpenGLLearn/01-GettingStart/glfw-3.2.1/build/CMakeFiles/CMakeTmp/Debug/cmTC_e096b]
  ignore line: [Apple LLVM version 7.3.0 (clang-703.0.29)]
  ignore line: [Target: x86_64-apple-darwin15.6.0]
  ignore line: [Thread model: posix]
  ignore line: [InstalledDir: /Applications/Xcode.app/Contents/Developer/Toolchains/XcodeDefault.xctoolchain/usr/bin]
  reduced line: [ "/Applications/Xcode.app/Contents/Developer/Toolchains/XcodeDefault.xctoolchain/usr/bin/ld" -demangle -dynamic -arch x86_64 -macosx_version_min 10.11.0 -syslibroot /Applications/Xcode.app/Contents/Developer/Platforms/MacOSX.platform/Developer/SDKs/MacOSX10.11.sdk -o /Users/luozhijun/Desktop/Demo/OpenGLLearn/01-GettingStart/glfw-3.2.1/build/CMakeFiles/CMakeTmp/Debug/cmTC_e096b -L/Users/luozhijun/Desktop/Demo/OpenGLLearn/01-GettingStart/glfw-3.2.1/build/CMakeFiles/CMakeTmp/Debug -filelist /Users/luozhijun/Desktop/Demo/OpenGLLearn/01-GettingStart/glfw-3.2.1/build/CMakeFiles/CMakeTmp/CMAKE_TRY_COMPILE.build/Debug/cmTC_e096b.build/Objects-normal/x86_64/cmTC_e096b.LinkFileList -no_deduplicate -v -search_paths_first -headerpad_max_install_names -dependency_info /Users/luozhijun/Desktop/Demo/OpenGLLearn/01-GettingStart/glfw-3.2.1/build/CMakeFiles/CMakeTmp/CMAKE_TRY_COMPILE.build/Debug/cmTC_e096b.build/Objects-normal/x86_64/cmTC_e096b_dependency_info.dat -lSystem /Applications/Xcode.app/Contents/Developer/Toolchains/XcodeDefault.xctoolchain/usr/bin/../lib/clang/7.3.0/lib/darwin/libclang_rt.osx.a -F/Users/luozhijun/Desktop/Demo/OpenGLLearn/01-GettingStart/glfw-3.2.1/build/CMakeFiles/CMakeTmp/Debug]
            to: [ "/Applications/Xcode.app/Contents/Developer/Toolchains/XcodeDefault.xctoolchain/usr/bin/ld" -demangle -dynamic -arch x86_64 -macosx_version_min 10.11.0 -syslibroot /Applications/Xcode.app/Contents/Developer/Platforms/MacOSX.platform/Developer/SDKs/MacOSX10.11.sdk -o /Users/luozhijun/Desktop/Demo/OpenGLLearn/01-GettingStart/glfw-3.2.1/build/CMakeFiles/CMakeTmp/Debug/cmTC_e096b -filelist /Users/luozhijun/Desktop/Demo/OpenGLLearn/01-GettingStart/glfw-3.2.1/build/CMakeFiles/CMakeTmp/CMAKE_TRY_COMPILE.build/Debug/cmTC_e096b.build/Objects-normal/x86_64/cmTC_e096b.LinkFileList -no_deduplicate -v -search_paths_first -headerpad_max_install_names -dependency_info /Users/luozhijun/Desktop/Demo/OpenGLLearn/01-GettingStart/glfw-3.2.1/build/CMakeFiles/CMakeTmp/CMAKE_TRY_COMPILE.build/Debug/cmTC_e096b.build/Objects-normal/x86_64/cmTC_e096b_dependency_info.dat -lSystem /Applications/Xcode.app/Contents/Developer/Toolchains/XcodeDefault.xctoolchain/usr/bin/../lib/clang/7.3.0/lib/darwin/libclang_rt.osx.a ]
  link line: [ "/Applications/Xcode.app/Contents/Developer/Toolchains/XcodeDefault.xctoolchain/usr/bin/ld" -demangle -dynamic -arch x86_64 -macosx_version_min 10.11.0 -syslibroot /Applications/Xcode.app/Contents/Developer/Platforms/MacOSX.platform/Developer/SDKs/MacOSX10.11.sdk -o /Users/luozhijun/Desktop/Demo/OpenGLLearn/01-GettingStart/glfw-3.2.1/build/CMakeFiles/CMakeTmp/Debug/cmTC_e096b -filelist /Users/luozhijun/Desktop/Demo/OpenGLLearn/01-GettingStart/glfw-3.2.1/build/CMakeFiles/CMakeTmp/CMAKE_TRY_COMPILE.build/Debug/cmTC_e096b.build/Objects-normal/x86_64/cmTC_e096b.LinkFileList -no_deduplicate -v -search_paths_first -headerpad_max_install_names -dependency_info /Users/luozhijun/Desktop/Demo/OpenGLLearn/01-GettingStart/glfw-3.2.1/build/CMakeFiles/CMakeTmp/CMAKE_TRY_COMPILE.build/Debug/cmTC_e096b.build/Objects-normal/x86_64/cmTC_e096b_dependency_info.dat -lSystem /Applications/Xcode.app/Contents/Developer/Toolchains/XcodeDefault.xctoolchain/usr/bin/../lib/clang/7.3.0/lib/darwin/libclang_rt.osx.a ]
    arg [/Applications/Xcode.app/Contents/Developer/Toolchains/XcodeDefault.xctoolchain/usr/bin/ld] ==> ignore
    arg [-demangle] ==> ignore
    arg [-dynamic] ==> ignore
    arg [-arch] ==> ignore
    arg [x86_64] ==> ignore
    arg [-macosx_version_min] ==> ignore
    arg [10.11.0] ==> ignore
    arg [-syslibroot] ==> ignore
    arg [/Applications/Xcode.app/Contents/Developer/Platforms/MacOSX.platform/Developer/SDKs/MacOSX10.11.sdk] ==> ignore
    arg [-o] ==> ignore
    arg [/Users/luozhijun/Desktop/Demo/OpenGLLearn/01-GettingStart/glfw-3.2.1/build/CMakeFiles/CMakeTmp/Debug/cmTC_e096b] ==> ignore
    arg [-filelist] ==> ignore
    arg [/Users/luozhijun/Desktop/Demo/OpenGLLearn/01-GettingStart/glfw-3.2.1/build/CMakeFiles/CMakeTmp/CMAKE_TRY_COMPILE.build/Debug/cmTC_e096b.build/Objects-normal/x86_64/cmTC_e096b.LinkFileList] ==> ignore
    arg [-no_deduplicate] ==> ignore
    arg [-v] ==> ignore
    arg [-search_paths_first] ==> ignore
    arg [-headerpad_max_install_names] ==> ignore
    arg [-dependency_info] ==> ignore
    arg [/Users/luozhijun/Desktop/Demo/OpenGLLearn/01-GettingStart/glfw-3.2.1/build/CMakeFiles/CMakeTmp/CMAKE_TRY_COMPILE.build/Debug/cmTC_e096b.build/Objects-normal/x86_64/cmTC_e096b_dependency_info.dat] ==> ignore
    arg [-lSystem] ==> lib [System]
    arg [/Applications/Xcode.app/Contents/Developer/Toolchains/XcodeDefault.xctoolchain/usr/bin/../lib/clang/7.3.0/lib/darwin/libclang_rt.osx.a] ==> lib [/Applications/Xcode.app/Contents/Developer/Toolchains/XcodeDefault.xctoolchain/usr/bin/../lib/clang/7.3.0/lib/darwin/libclang_rt.osx.a]
  Library search paths: [;/Users/luozhijun/Desktop/Demo/OpenGLLearn/01-GettingStart/glfw-3.2.1/build/CMakeFiles/CMakeTmp/Debug;/Applications/Xcode.app/Contents/Developer/Platforms/MacOSX.platform/Developer/SDKs/MacOSX10.11.sdk/usr/lib]
  Framework search paths: [;/Users/luozhijun/Desktop/Demo/OpenGLLearn/01-GettingStart/glfw-3.2.1/build/CMakeFiles/CMakeTmp/Debug;/Applications/Xcode.app/Contents/Developer/Platforms/MacOSX.platform/Developer/SDKs/MacOSX10.11.sdk/System/Library/Frameworks/]
  remove lib [System]
  collapse lib [/Applications/Xcode.app/Contents/Developer/Toolchains/XcodeDefault.xctoolchain/usr/bin/../lib/clang/7.3.0/lib/darwin/libclang_rt.osx.a] ==> [/Applications/Xcode.app/Contents/Developer/Toolchains/XcodeDefault.xctoolchain/usr/lib/clang/7.3.0/lib/darwin/libclang_rt.osx.a]
  collapse library dir [/Users/luozhijun/Desktop/Demo/OpenGLLearn/01-GettingStart/glfw-3.2.1/build/CMakeFiles/CMakeTmp/Debug] ==> [/Users/luozhijun/Desktop/Demo/OpenGLLearn/01-GettingStart/glfw-3.2.1/build/CMakeFiles/CMakeTmp/Debug], skipping non-system directory
  collapse library dir [/Applications/Xcode.app/Contents/Developer/Platforms/MacOSX.platform/Developer/SDKs/MacOSX10.11.sdk/usr/lib] ==> [/Applications/Xcode.app/Contents/Developer/Platforms/MacOSX.platform/Developer/SDKs/MacOSX10.11.sdk/usr/lib]
  collapse framework dir [/Users/luozhijun/Desktop/Demo/OpenGLLearn/01-GettingStart/glfw-3.2.1/build/CMakeFiles/CMakeTmp/Debug] ==> [/Users/luozhijun/Desktop/Demo/OpenGLLearn/01-GettingStart/glfw-3.2.1/build/CMakeFiles/CMakeTmp/Debug], skipping non-system directory
  collapse framework dir [/Applications/Xcode.app/Contents/Developer/Platforms/MacOSX.platform/Developer/SDKs/MacOSX10.11.sdk/System/Library/Frameworks/] ==> [/Applications/Xcode.app/Contents/Developer/Platforms/MacOSX.platform/Developer/SDKs/MacOSX10.11.sdk/System/Library/Frameworks]
  implicit libs: [/Applications/Xcode.app/Contents/Developer/Toolchains/XcodeDefault.xctoolchain/usr/lib/clang/7.3.0/lib/darwin/libclang_rt.osx.a]
  implicit dirs: [/Applications/Xcode.app/Contents/Developer/Platforms/MacOSX.platform/Developer/SDKs/MacOSX10.11.sdk/usr/lib]
  implicit fwks: [/Applications/Xcode.app/Contents/Developer/Platforms/MacOSX.platform/Developer/SDKs/MacOSX10.11.sdk/System/Library/Frameworks]




Detecting C [-std=c11] compiler features compiled with the following output:
Change Dir: /Users/luozhijun/Desktop/Demo/OpenGLLearn/01-GettingStart/glfw-3.2.1/build/CMakeFiles/CMakeTmp

Run Build Command:"/usr/bin/xcodebuild" "-project" "CMAKE_TRY_COMPILE.xcodeproj" "build" "-target" "cmTC_f1ae0" "-configuration" "Debug"
objc[8115]: Class CCPWorkspaceManager is implemented in both /Users/luozhijun/Library/Application Support/Developer/Shared/Xcode/Plug-ins/CocoaPods.xcplugin/Contents/MacOS/CocoaPods and /Users/luozhijun/Library/Application Support/Developer/Shared/Xcode/Plug-ins/CocoaControlsPlugin.xcplugin/Contents/MacOS/CocoaControlsPlugin. One of the two will be used. Which one is undefined.
objc[8115]: Class CCPProject is implemented in both /Users/luozhijun/Library/Application Support/Developer/Shared/Xcode/Plug-ins/CocoaPods.xcplugin/Contents/MacOS/CocoaPods and /Users/luozhijun/Library/Application Support/Developer/Shared/Xcode/Plug-ins/CocoaControlsPlugin.xcplugin/Contents/MacOS/CocoaControlsPlugin. One of the two will be used. Which one is undefined.
=== BUILD TARGET cmTC_f1ae0 OF PROJECT CMAKE_TRY_COMPILE WITH CONFIGURATION Debug ===

Check dependencies

Write auxiliary files
/bin/mkdir -p /Users/luozhijun/Desktop/Demo/OpenGLLearn/01-GettingStart/glfw-3.2.1/build/CMakeFiles/CMakeTmp/CMAKE_TRY_COMPILE.build/Debug/cmTC_f1ae0.build/Objects-normal/x86_64
write-file /Users/luozhijun/Desktop/Demo/OpenGLLearn/01-GettingStart/glfw-3.2.1/build/CMakeFiles/CMakeTmp/CMAKE_TRY_COMPILE.build/Debug/cmTC_f1ae0.build/Objects-normal/x86_64/cmTC_f1ae0.LinkFileList

CompileC CMAKE_TRY_COMPILE.build/Debug/cmTC_f1ae0.build/Objects-normal/x86_64/feature_tests.o /Users/luozhijun/Desktop/Demo/OpenGLLearn/01-GettingStart/glfw-3.2.1/build/CMakeFiles/feature_tests.c normal x86_64 c com.apple.compilers.llvm.clang.1_0.compiler
    cd /Users/luozhijun/Desktop/Demo/OpenGLLearn/01-GettingStart/glfw-3.2.1/build/CMakeFiles/CMakeTmp
    export LANG=en_US.US-ASCII
    /Applications/Xcode.app/Contents/Developer/Toolchains/XcodeDefault.xctoolchain/usr/bin/clang -x c -arch x86_64 -fmessage-length=0 -fdiagnostics-show-note-include-stack -fmacro-backtrace-limit=0 -Wno-trigraphs -fpascal-strings -O0 -Wno-missing-field-initializers -Wno-missing-prototypes -Wno-return-type -Wno-missing-braces -Wparentheses -Wswitch -Wno-unused-function -Wno-unused-label -Wno-unused-parameter -Wno-unused-variable -Wunused-value -Wno-empty-body -Wno-uninitialized -Wno-unknown-pragmas -Wno-shadow -Wno-four-char-constants -Wno-conversion -Wno-constant-conversion -Wno-int-conversion -Wno-bool-conversion -Wno-enum-conversion -Wno-shorten-64-to-32 -Wpointer-sign -Wno-newline-eof -DCMAKE_INTDIR=\"Debug\" -isysroot /Applications/Xcode.app/Contents/Developer/Platforms/MacOSX.platform/Developer/SDKs/MacOSX10.11.sdk -fasm-blocks -fstrict-aliasing -Wdeprecated-declarations -mmacosx-version-min=10.11 -g -Wno-sign-conversion -I/Users/luozhijun/Desktop/Demo/OpenGLLearn/01-GettingStart/glfw-3.2.1/build/CMakeFiles/CMakeTmp/Debug/include -I/Users/luozhijun/Desktop/Demo/OpenGLLearn/01-GettingStart/glfw-3.2.1/build/CMakeFiles/CMakeTmp/CMAKE_TRY_COMPILE.build/Debug/cmTC_f1ae0.build/DerivedSources/x86_64 -I/Users/luozhijun/Desktop/Demo/OpenGLLearn/01-GettingStart/glfw-3.2.1/build/CMakeFiles/CMakeTmp/CMAKE_TRY_COMPILE.build/Debug/cmTC_f1ae0.build/DerivedSources -Wmost -Wno-four-char-constants -Wno-unknown-pragmas -F/Users/luozhijun/Desktop/Demo/OpenGLLearn/01-GettingStart/glfw-3.2.1/build/CMakeFiles/CMakeTmp/Debug -std=c11 -MMD -MT dependencies -MF /Users/luozhijun/Desktop/Demo/OpenGLLearn/01-GettingStart/glfw-3.2.1/build/CMakeFiles/CMakeTmp/CMAKE_TRY_COMPILE.build/Debug/cmTC_f1ae0.build/Objects-normal/x86_64/feature_tests.d --serialize-diagnostics /Users/luozhijun/Desktop/Demo/OpenGLLearn/01-GettingStart/glfw-3.2.1/build/CMakeFiles/CMakeTmp/CMAKE_TRY_COMPILE.build/Debug/cmTC_f1ae0.build/Objects-normal/x86_64/feature_tests.dia -c /Users/luozhijun/Desktop/Demo/OpenGLLearn/01-GettingStart/glfw-3.2.1/build/CMakeFiles/feature_tests.c -o /Users/luozhijun/Desktop/Demo/OpenGLLearn/01-GettingStart/glfw-3.2.1/build/CMakeFiles/CMakeTmp/CMAKE_TRY_COMPILE.build/Debug/cmTC_f1ae0.build/Objects-normal/x86_64/feature_tests.o

Ld Debug/cmTC_f1ae0 normal x86_64
    cd /Users/luozhijun/Desktop/Demo/OpenGLLearn/01-GettingStart/glfw-3.2.1/build/CMakeFiles/CMakeTmp
    export MACOSX_DEPLOYMENT_TARGET=10.11
    /Applications/Xcode.app/Contents/Developer/Toolchains/XcodeDefault.xctoolchain/usr/bin/clang -arch x86_64 -isysroot /Applications/Xcode.app/Contents/Developer/Platforms/MacOSX.platform/Developer/SDKs/MacOSX10.11.sdk -L/Users/luozhijun/Desktop/Demo/OpenGLLearn/01-GettingStart/glfw-3.2.1/build/CMakeFiles/CMakeTmp/Debug -F/Users/luozhijun/Desktop/Demo/OpenGLLearn/01-GettingStart/glfw-3.2.1/build/CMakeFiles/CMakeTmp/Debug -filelist /Users/luozhijun/Desktop/Demo/OpenGLLearn/01-GettingStart/glfw-3.2.1/build/CMakeFiles/CMakeTmp/CMAKE_TRY_COMPILE.build/Debug/cmTC_f1ae0.build/Objects-normal/x86_64/cmTC_f1ae0.LinkFileList -mmacosx-version-min=10.11 -Xlinker -no_deduplicate -Wl,-search_paths_first -Wl,-headerpad_max_install_names -Xlinker -dependency_info -Xlinker /Users/luozhijun/Desktop/Demo/OpenGLLearn/01-GettingStart/glfw-3.2.1/build/CMakeFiles/CMakeTmp/CMAKE_TRY_COMPILE.build/Debug/cmTC_f1ae0.build/Objects-normal/x86_64/cmTC_f1ae0_dependency_info.dat -o /Users/luozhijun/Desktop/Demo/OpenGLLearn/01-GettingStart/glfw-3.2.1/build/CMakeFiles/CMakeTmp/Debug/cmTC_f1ae0

** BUILD SUCCEEDED **



    Feature record: C_FEATURE:1c_function_prototypes
    Feature record: C_FEATURE:1c_restrict
    Feature record: C_FEATURE:1c_static_assert
    Feature record: C_FEATURE:1c_variadic_macros


Detecting C [-std=c99] compiler features compiled with the following output:
Change Dir: /Users/luozhijun/Desktop/Demo/OpenGLLearn/01-GettingStart/glfw-3.2.1/build/CMakeFiles/CMakeTmp

Run Build Command:"/usr/bin/xcodebuild" "-project" "CMAKE_TRY_COMPILE.xcodeproj" "build" "-target" "cmTC_9ac8e" "-configuration" "Debug"
objc[8131]: Class CCPWorkspaceManager is implemented in both /Users/luozhijun/Library/Application Support/Developer/Shared/Xcode/Plug-ins/CocoaPods.xcplugin/Contents/MacOS/CocoaPods and /Users/luozhijun/Library/Application Support/Developer/Shared/Xcode/Plug-ins/CocoaControlsPlugin.xcplugin/Contents/MacOS/CocoaControlsPlugin. One of the two will be used. Which one is undefined.
objc[8131]: Class CCPProject is implemented in both /Users/luozhijun/Library/Application Support/Developer/Shared/Xcode/Plug-ins/CocoaPods.xcplugin/Contents/MacOS/CocoaPods and /Users/luozhijun/Library/Application Support/Developer/Shared/Xcode/Plug-ins/CocoaControlsPlugin.xcplugin/Contents/MacOS/CocoaControlsPlugin. One of the two will be used. Which one is undefined.
=== BUILD TARGET cmTC_9ac8e OF PROJECT CMAKE_TRY_COMPILE WITH CONFIGURATION Debug ===

Check dependencies

Write auxiliary files
/bin/mkdir -p /Users/luozhijun/Desktop/Demo/OpenGLLearn/01-GettingStart/glfw-3.2.1/build/CMakeFiles/CMakeTmp/CMAKE_TRY_COMPILE.build/Debug/cmTC_9ac8e.build/Objects-normal/x86_64
write-file /Users/luozhijun/Desktop/Demo/OpenGLLearn/01-GettingStart/glfw-3.2.1/build/CMakeFiles/CMakeTmp/CMAKE_TRY_COMPILE.build/Debug/cmTC_9ac8e.build/Objects-normal/x86_64/cmTC_9ac8e.LinkFileList

CompileC CMAKE_TRY_COMPILE.build/Debug/cmTC_9ac8e.build/Objects-normal/x86_64/feature_tests.o /Users/luozhijun/Desktop/Demo/OpenGLLearn/01-GettingStart/glfw-3.2.1/build/CMakeFiles/feature_tests.c normal x86_64 c com.apple.compilers.llvm.clang.1_0.compiler
    cd /Users/luozhijun/Desktop/Demo/OpenGLLearn/01-GettingStart/glfw-3.2.1/build/CMakeFiles/CMakeTmp
    export LANG=en_US.US-ASCII
    /Applications/Xcode.app/Contents/Developer/Toolchains/XcodeDefault.xctoolchain/usr/bin/clang -x c -arch x86_64 -fmessage-length=0 -fdiagnostics-show-note-include-stack -fmacro-backtrace-limit=0 -Wno-trigraphs -fpascal-strings -O0 -Wno-missing-field-initializers -Wno-missing-prototypes -Wno-return-type -Wno-missing-braces -Wparentheses -Wswitch -Wno-unused-function -Wno-unused-label -Wno-unused-parameter -Wno-unused-variable -Wunused-value -Wno-empty-body -Wno-uninitialized -Wno-unknown-pragmas -Wno-shadow -Wno-four-char-constants -Wno-conversion -Wno-constant-conversion -Wno-int-conversion -Wno-bool-conversion -Wno-enum-conversion -Wno-shorten-64-to-32 -Wpointer-sign -Wno-newline-eof -DCMAKE_INTDIR=\"Debug\" -isysroot /Applications/Xcode.app/Contents/Developer/Platforms/MacOSX.platform/Developer/SDKs/MacOSX10.11.sdk -fasm-blocks -fstrict-aliasing -Wdeprecated-declarations -mmacosx-version-min=10.11 -g -Wno-sign-conversion -I/Users/luozhijun/Desktop/Demo/OpenGLLearn/01-GettingStart/glfw-3.2.1/build/CMakeFiles/CMakeTmp/Debug/include -I/Users/luozhijun/Desktop/Demo/OpenGLLearn/01-GettingStart/glfw-3.2.1/build/CMakeFiles/CMakeTmp/CMAKE_TRY_COMPILE.build/Debug/cmTC_9ac8e.build/DerivedSources/x86_64 -I/Users/luozhijun/Desktop/Demo/OpenGLLearn/01-GettingStart/glfw-3.2.1/build/CMakeFiles/CMakeTmp/CMAKE_TRY_COMPILE.build/Debug/cmTC_9ac8e.build/DerivedSources -Wmost -Wno-four-char-constants -Wno-unknown-pragmas -F/Users/luozhijun/Desktop/Demo/OpenGLLearn/01-GettingStart/glfw-3.2.1/build/CMakeFiles/CMakeTmp/Debug -std=c99 -MMD -MT dependencies -MF /Users/luozhijun/Desktop/Demo/OpenGLLearn/01-GettingStart/glfw-3.2.1/build/CMakeFiles/CMakeTmp/CMAKE_TRY_COMPILE.build/Debug/cmTC_9ac8e.build/Objects-normal/x86_64/feature_tests.d --serialize-diagnostics /Users/luozhijun/Desktop/Demo/OpenGLLearn/01-GettingStart/glfw-3.2.1/build/CMakeFiles/CMakeTmp/CMAKE_TRY_COMPILE.build/Debug/cmTC_9ac8e.build/Objects-normal/x86_64/feature_tests.dia -c /Users/luozhijun/Desktop/Demo/OpenGLLearn/01-GettingStart/glfw-3.2.1/build/CMakeFiles/feature_tests.c -o /Users/luozhijun/Desktop/Demo/OpenGLLearn/01-GettingStart/glfw-3.2.1/build/CMakeFiles/CMakeTmp/CMAKE_TRY_COMPILE.build/Debug/cmTC_9ac8e.build/Objects-normal/x86_64/feature_tests.o

Ld Debug/cmTC_9ac8e normal x86_64
    cd /Users/luozhijun/Desktop/Demo/OpenGLLearn/01-GettingStart/glfw-3.2.1/build/CMakeFiles/CMakeTmp
    export MACOSX_DEPLOYMENT_TARGET=10.11
    /Applications/Xcode.app/Contents/Developer/Toolchains/XcodeDefault.xctoolchain/usr/bin/clang -arch x86_64 -isysroot /Applications/Xcode.app/Contents/Developer/Platforms/MacOSX.platform/Developer/SDKs/MacOSX10.11.sdk -L/Users/luozhijun/Desktop/Demo/OpenGLLearn/01-GettingStart/glfw-3.2.1/build/CMakeFiles/CMakeTmp/Debug -F/Users/luozhijun/Desktop/Demo/OpenGLLearn/01-GettingStart/glfw-3.2.1/build/CMakeFiles/CMakeTmp/Debug -filelist /Users/luozhijun/Desktop/Demo/OpenGLLearn/01-GettingStart/glfw-3.2.1/build/CMakeFiles/CMakeTmp/CMAKE_TRY_COMPILE.build/Debug/cmTC_9ac8e.build/Objects-normal/x86_64/cmTC_9ac8e.LinkFileList -mmacosx-version-min=10.11 -Xlinker -no_deduplicate -Wl,-search_paths_first -Wl,-headerpad_max_install_names -Xlinker -dependency_info -Xlinker /Users/luozhijun/Desktop/Demo/OpenGLLearn/01-GettingStart/glfw-3.2.1/build/CMakeFiles/CMakeTmp/CMAKE_TRY_COMPILE.build/Debug/cmTC_9ac8e.build/Objects-normal/x86_64/cmTC_9ac8e_dependency_info.dat -o /Users/luozhijun/Desktop/Demo/OpenGLLearn/01-GettingStart/glfw-3.2.1/build/CMakeFiles/CMakeTmp/Debug/cmTC_9ac8e

** BUILD SUCCEEDED **



    Feature record: C_FEATURE:1c_function_prototypes
    Feature record: C_FEATURE:1c_restrict
    Feature record: C_FEATURE:0c_static_assert
    Feature record: C_FEATURE:1c_variadic_macros


Detecting C [-std=c90] compiler features compiled with the following output:
Change Dir: /Users/luozhijun/Desktop/Demo/OpenGLLearn/01-GettingStart/glfw-3.2.1/build/CMakeFiles/CMakeTmp

Run Build Command:"/usr/bin/xcodebuild" "-project" "CMAKE_TRY_COMPILE.xcodeproj" "build" "-target" "cmTC_da252" "-configuration" "Debug"
objc[8147]: Class CCPWorkspaceManager is implemented in both /Users/luozhijun/Library/Application Support/Developer/Shared/Xcode/Plug-ins/CocoaPods.xcplugin/Contents/MacOS/CocoaPods and /Users/luozhijun/Library/Application Support/Developer/Shared/Xcode/Plug-ins/CocoaControlsPlugin.xcplugin/Contents/MacOS/CocoaControlsPlugin. One of the two will be used. Which one is undefined.
objc[8147]: Class CCPProject is implemented in both /Users/luozhijun/Library/Application Support/Developer/Shared/Xcode/Plug-ins/CocoaPods.xcplugin/Contents/MacOS/CocoaPods and /Users/luozhijun/Library/Application Support/Developer/Shared/Xcode/Plug-ins/CocoaControlsPlugin.xcplugin/Contents/MacOS/CocoaControlsPlugin. One of the two will be used. Which one is undefined.
=== BUILD TARGET cmTC_da252 OF PROJECT CMAKE_TRY_COMPILE WITH CONFIGURATION Debug ===

Check dependencies

Write auxiliary files
/bin/mkdir -p /Users/luozhijun/Desktop/Demo/OpenGLLearn/01-GettingStart/glfw-3.2.1/build/CMakeFiles/CMakeTmp/CMAKE_TRY_COMPILE.build/Debug/cmTC_da252.build/Objects-normal/x86_64
write-file /Users/luozhijun/Desktop/Demo/OpenGLLearn/01-GettingStart/glfw-3.2.1/build/CMakeFiles/CMakeTmp/CMAKE_TRY_COMPILE.build/Debug/cmTC_da252.build/Objects-normal/x86_64/cmTC_da252.LinkFileList

CompileC CMAKE_TRY_COMPILE.build/Debug/cmTC_da252.build/Objects-normal/x86_64/feature_tests.o /Users/luozhijun/Desktop/Demo/OpenGLLearn/01-GettingStart/glfw-3.2.1/build/CMakeFiles/feature_tests.c normal x86_64 c com.apple.compilers.llvm.clang.1_0.compiler
    cd /Users/luozhijun/Desktop/Demo/OpenGLLearn/01-GettingStart/glfw-3.2.1/build/CMakeFiles/CMakeTmp
    export LANG=en_US.US-ASCII
    /Applications/Xcode.app/Contents/Developer/Toolchains/XcodeDefault.xctoolchain/usr/bin/clang -x c -arch x86_64 -fmessage-length=0 -fdiagnostics-show-note-include-stack -fmacro-backtrace-limit=0 -Wno-trigraphs -fpascal-strings -O0 -Wno-missing-field-initializers -Wno-missing-prototypes -Wno-return-type -Wno-missing-braces -Wparentheses -Wswitch -Wno-unused-function -Wno-unused-label -Wno-unused-parameter -Wno-unused-variable -Wunused-value -Wno-empty-body -Wno-uninitialized -Wno-unknown-pragmas -Wno-shadow -Wno-four-char-constants -Wno-conversion -Wno-constant-conversion -Wno-int-conversion -Wno-bool-conversion -Wno-enum-conversion -Wno-shorten-64-to-32 -Wpointer-sign -Wno-newline-eof -DCMAKE_INTDIR=\"Debug\" -isysroot /Applications/Xcode.app/Contents/Developer/Platforms/MacOSX.platform/Developer/SDKs/MacOSX10.11.sdk -fasm-blocks -fstrict-aliasing -Wdeprecated-declarations -mmacosx-version-min=10.11 -g -Wno-sign-conversion -I/Users/luozhijun/Desktop/Demo/OpenGLLearn/01-GettingStart/glfw-3.2.1/build/CMakeFiles/CMakeTmp/Debug/include -I/Users/luozhijun/Desktop/Demo/OpenGLLearn/01-GettingStart/glfw-3.2.1/build/CMakeFiles/CMakeTmp/CMAKE_TRY_COMPILE.build/Debug/cmTC_da252.build/DerivedSources/x86_64 -I/Users/luozhijun/Desktop/Demo/OpenGLLearn/01-GettingStart/glfw-3.2.1/build/CMakeFiles/CMakeTmp/CMAKE_TRY_COMPILE.build/Debug/cmTC_da252.build/DerivedSources -Wmost -Wno-four-char-constants -Wno-unknown-pragmas -F/Users/luozhijun/Desktop/Demo/OpenGLLearn/01-GettingStart/glfw-3.2.1/build/CMakeFiles/CMakeTmp/Debug -std=c90 -MMD -MT dependencies -MF /Users/luozhijun/Desktop/Demo/OpenGLLearn/01-GettingStart/glfw-3.2.1/build/CMakeFiles/CMakeTmp/CMAKE_TRY_COMPILE.build/Debug/cmTC_da252.build/Objects-normal/x86_64/feature_tests.d --serialize-diagnostics /Users/luozhijun/Desktop/Demo/OpenGLLearn/01-GettingStart/glfw-3.2.1/build/CMakeFiles/CMakeTmp/CMAKE_TRY_COMPILE.build/Debug/cmTC_da252.build/Objects-normal/x86_64/feature_tests.dia -c /Users/luozhijun/Desktop/Demo/OpenGLLearn/01-GettingStart/glfw-3.2.1/build/CMakeFiles/feature_tests.c -o /Users/luozhijun/Desktop/Demo/OpenGLLearn/01-GettingStart/glfw-3.2.1/build/CMakeFiles/CMakeTmp/CMAKE_TRY_COMPILE.build/Debug/cmTC_da252.build/Objects-normal/x86_64/feature_tests.o

Ld Debug/cmTC_da252 normal x86_64
    cd /Users/luozhijun/Desktop/Demo/OpenGLLearn/01-GettingStart/glfw-3.2.1/build/CMakeFiles/CMakeTmp
    export MACOSX_DEPLOYMENT_TARGET=10.11
    /Applications/Xcode.app/Contents/Developer/Toolchains/XcodeDefault.xctoolchain/usr/bin/clang -arch x86_64 -isysroot /Applications/Xcode.app/Contents/Developer/Platforms/MacOSX.platform/Developer/SDKs/MacOSX10.11.sdk -L/Users/luozhijun/Desktop/Demo/OpenGLLearn/01-GettingStart/glfw-3.2.1/build/CMakeFiles/CMakeTmp/Debug -F/Users/luozhijun/Desktop/Demo/OpenGLLearn/01-GettingStart/glfw-3.2.1/build/CMakeFiles/CMakeTmp/Debug -filelist /Users/luozhijun/Desktop/Demo/OpenGLLearn/01-GettingStart/glfw-3.2.1/build/CMakeFiles/CMakeTmp/CMAKE_TRY_COMPILE.build/Debug/cmTC_da252.build/Objects-normal/x86_64/cmTC_da252.LinkFileList -mmacosx-version-min=10.11 -Xlinker -no_deduplicate -Wl,-search_paths_first -Wl,-headerpad_max_install_names -Xlinker -dependency_info -Xlinker /Users/luozhijun/Desktop/Demo/OpenGLLearn/01-GettingStart/glfw-3.2.1/build/CMakeFiles/CMakeTmp/CMAKE_TRY_COMPILE.build/Debug/cmTC_da252.build/Objects-normal/x86_64/cmTC_da252_dependency_info.dat -o /Users/luozhijun/Desktop/Demo/OpenGLLearn/01-GettingStart/glfw-3.2.1/build/CMakeFiles/CMakeTmp/Debug/cmTC_da252

** BUILD SUCCEEDED **



    Feature record: C_FEATURE:1c_function_prototypes
    Feature record: C_FEATURE:0c_restrict
    Feature record: C_FEATURE:0c_static_assert
    Feature record: C_FEATURE:0c_variadic_macros
